<?xml version="1.0" encoding="UTF-8"?>
<testsuite name="FindBookByTitleAndAuthorTest" tests="7" skipped="0" failures="0" errors="0" timestamp="2024-08-15T19:38:41" hostname="Brandons-MacBook-Air.local" time="0.214">
  <properties/>
  <testcase name="testIsBookInLibraryByTitleAndAuthor_nonExistingTitle_returnsFalse()" classname="FindBookByTitleAndAuthorTest" time="0.093"/>
  <testcase name="testIsBookInLibraryByTitleAndAuthor_allBooksExist_returnsTrue()" classname="FindBookByTitleAndAuthorTest" time="0.025"/>
  <testcase name="testIsBookInLibraryByTitleAndAuthor_emptyTitle_returnsFalse()" classname="FindBookByTitleAndAuthorTest" time="0.009"/>
  <testcase name="testIsBookInLibraryByTitleAndAuthor_nullAuthor_returnsFalse()" classname="FindBookByTitleAndAuthorTest" time="0.013"/>
  <testcase name="testIsBookInLibraryByTitleAndAuthor_nullTitle_returnsFalse()" classname="FindBookByTitleAndAuthorTest" time="0.019"/>
  <testcase name="testIsBookInLibraryByTitleAndAuthor_emptyAuthor_returnsFalse()" classname="FindBookByTitleAndAuthorTest" time="0.008"/>
  <testcase name="testIsBookInLibraryByTitleAndAuthor_nonExistingAuthor_returnsFalse()" classname="FindBookByTitleAndAuthorTest" time="0.006"/>
  <system-out><![CDATA[]]></system-out>
  <system-err><![CDATA[]]></system-err>
</testsuite>
